生成启动时间为 2019/7/10 11:28:29。
     1>项目“D:\dailyTask\softwareUpdate_20190527\codeFiles\UDP通信代码\udpClient\udpClient\udpClient.vcxproj”在节点 2 上(build 个目标)。
     1>PrepareForBuild:
         正在创建目录“D:\dailyTask\softwareUpdate_20190527\codeFiles\UDP通信代码\udpClient\Debug\”。
       InitializeBuildStatus:
         正在创建“Debug\udpClient.unsuccessfulbuild”，因为已指定“AlwaysCreate”。
       ClCompile:
         D:\software_down\vs2010\setting\VC\bin\CL.exe /c /ZI /nologo /W3 /WX- /Od /Oy- /D WIN32 /D _DEBUG /D _CONSOLE /D _UNICODE /D UNICODE /Gm /EHsc /RTC1 /MDd /GS /fp:precise /Zc:wchar_t /Zc:forScope /Fo"Debug\\" /Fd"Debug\vc100.pdb" /Gd /TP /analyze- /errorReport:prompt main.cpp
         main.cpp
     1>d:\dailytask\softwareupdate_20190527\codefiles\udp通信代码\udpclient\udpclient\main.cpp(35): warning C4996: 'gets': This function or variable may be unsafe. Consider using gets_s instead. To disable deprecation, use _CRT_SECURE_NO_WARNINGS. See online help for details.
                 d:\software_down\vs2010\setting\vc\include\stdio.h(277) : 参见“gets”的声明
       ManifestResourceCompile:
         C:\Program Files (x86)\Microsoft SDKs\Windows\v7.0A\bin\rc.exe /nologo /fo"Debug\udpClient.exe.embed.manifest.res" Debug\udpClient_manifest.rc 
       Link:
         D:\software_down\vs2010\setting\VC\bin\link.exe /ERRORREPORT:PROMPT /OUT:"D:\dailyTask\softwareUpdate_20190527\codeFiles\UDP通信代码\udpClient\Debug\udpClient.exe" /INCREMENTAL /NOLOGO kernel32.lib user32.lib gdi32.lib winspool.lib comdlg32.lib advapi32.lib shell32.lib ole32.lib oleaut32.lib uuid.lib odbc32.lib odbccp32.lib /MANIFEST /ManifestFile:"Debug\udpClient.exe.intermediate.manifest" /MANIFESTUAC:"level='asInvoker' uiAccess='false'" /DEBUG /PDB:"D:\dailyTask\softwareUpdate_20190527\codeFiles\UDP通信代码\udpClient\Debug\udpClient.pdb" /SUBSYSTEM:CONSOLE /TLBID:1 /DYNAMICBASE /NXCOMPAT /IMPLIB:"D:\dailyTask\softwareUpdate_20190527\codeFiles\UDP通信代码\udpClient\Debug\udpClient.lib" /MACHINE:X86 Debug\udpClient.exe.embed.manifest.res
         Debug\main.obj
       Manifest:
         C:\Program Files (x86)\Microsoft SDKs\Windows\v7.0A\bin\mt.exe /nologo /verbose /out:"Debug\udpClient.exe.embed.manifest" /manifest Debug\udpClient.exe.intermediate.manifest
         C:\Program Files (x86)\Microsoft SDKs\Windows\v7.0A\bin\rc.exe /nologo /fo"Debug\udpClient.exe.embed.manifest.res" Debug\udpClient_manifest.rc 
       LinkEmbedManifest:
         D:\software_down\vs2010\setting\VC\bin\link.exe /ERRORREPORT:PROMPT /OUT:"D:\dailyTask\softwareUpdate_20190527\codeFiles\UDP通信代码\udpClient\Debug\udpClient.exe" /INCREMENTAL /NOLOGO kernel32.lib user32.lib gdi32.lib winspool.lib comdlg32.lib advapi32.lib shell32.lib ole32.lib oleaut32.lib uuid.lib odbc32.lib odbccp32.lib /MANIFEST /ManifestFile:"Debug\udpClient.exe.intermediate.manifest" /MANIFESTUAC:"level='asInvoker' uiAccess='false'" /DEBUG /PDB:"D:\dailyTask\softwareUpdate_20190527\codeFiles\UDP通信代码\udpClient\Debug\udpClient.pdb" /SUBSYSTEM:CONSOLE /TLBID:1 /DYNAMICBASE /NXCOMPAT /IMPLIB:"D:\dailyTask\softwareUpdate_20190527\codeFiles\UDP通信代码\udpClient\Debug\udpClient.lib" /MACHINE:X86 Debug\udpClient.exe.embed.manifest.res
         Debug\main.obj
         udpClient.vcxproj -> D:\dailyTask\softwareUpdate_20190527\codeFiles\UDP通信代码\udpClient\Debug\udpClient.exe
       FinalizeBuildStatus:
         正在删除文件“Debug\udpClient.unsuccessfulbuild”。
         正在对“Debug\udpClient.lastbuildstate”执行 Touch 任务。
     1>已完成生成项目“D:\dailyTask\softwareUpdate_20190527\codeFiles\UDP通信代码\udpClient\udpClient\udpClient.vcxproj”(build 个目标)的操作。

生成成功。

已用时间 00:00:01.87
